# JRE version: OpenJDK Runtime Environment (8.0_242-b01) (build 1.8.0_242-release-1644-b01)
# Java VM: OpenJDK 64-Bit Server VM (25.242-b01 mixed mode windows-amd64 compressed oops)
Heap:
 PSYoungGen      total 214528K, used 34189K [0x00000000e0000000, 0x00000000edc80000, 0x0000000100000000)
  eden space 204800K, 16% used [0x00000000e0000000,0x00000000e21634b0,0x00000000ec800000)
  from space 9728K, 0% used [0x00000000ec800000,0x00000000ec800000,0x00000000ed180000)
  to   space 10240K, 0% used [0x00000000ed280000,0x00000000ed280000,0x00000000edc80000)
 ParOldGen       total 50176K, used 18052K [0x00000000a0000000, 0x00000000a3100000, 0x00000000e0000000)
  object space 50176K, 35% used [0x00000000a0000000,0x00000000a11a1170,0x00000000a3100000)
 Metaspace       used 29590K, capacity 30812K, committed 30976K, reserved 1075200K
  class space    used 3827K, capacity 4243K, committed 4352K, reserved 1048576K
GC Heap History (10 events):
Event: 71.901 GC heap before
{Heap before GC invocations=9 (full 1):
 PSYoungGen      total 75776K, used 66560K [0x00000000e0000000, 0x00000000e9400000, 0x0000000100000000)
  eden space 66560K, 100% used [0x00000000e0000000,0x00000000e4100000,0x00000000e4100000)
  from space 9216K, 0% used [0x00000000e4100000,0x00000000e4100000,0x00000000e4a00000)
  to   space 9216K, 0% used [0x00000000e8b00000,0x00000000e8b00000,0x00000000e9400000)
 ParOldGen       total 50176K, used 10888K [0x00000000a0000000, 0x00000000a3100000, 0x00000000e0000000)
  object space 50176K, 21% used [0x00000000a0000000,0x00000000a0aa22a0,0x00000000a3100000)
 Metaspace       used 25266K, capacity 25956K, committed 26112K, reserved 1071104K
  class space    used 3288K, capacity 3554K, committed 3584K, reserved 1048576K
Event: 71.907 GC heap after
Heap after GC invocations=9 (full 1):
 PSYoungGen      total 137216K, used 6245K [0x00000000e0000000, 0x00000000e9180000, 0x0000000100000000)
  eden space 130560K, 0% used [0x00000000e0000000,0x00000000e0000000,0x00000000e7f80000)
  from space 6656K, 93% used [0x00000000e8b00000,0x00000000e91194d0,0x00000000e9180000)
  to   space 9216K, 0% used [0x00000000e7f80000,0x00000000e7f80000,0x00000000e8880000)
 ParOldGen       total 50176K, used 10896K [0x00000000a0000000, 0x00000000a3100000, 0x00000000e0000000)
  object space 50176K, 21% used [0x00000000a0000000,0x00000000a0aa42a0,0x00000000a3100000)
 Metaspace       used 25266K, capacity 25956K, committed 26112K, reserved 1071104K
  class space    used 3288K, capacity 3554K, committed 3584K, reserved 1048576K
}
Event: 72.332 GC heap before
{Heap before GC invocations=10 (full 1):
 PSYoungGen      total 137216K, used 136805K [0x00000000e0000000, 0x00000000e9180000, 0x0000000100000000)
  eden space 130560K, 100% used [0x00000000e0000000,0x00000000e7f80000,0x00000000e7f80000)
  from space 6656K, 93% used [0x00000000e8b00000,0x00000000e91194d0,0x00000000e9180000)
  to   space 9216K, 0% used [0x00000000e7f80000,0x00000000e7f80000,0x00000000e8880000)
 ParOldGen       total 50176K, used 10896K [0x00000000a0000000, 0x00000000a3100000, 0x00000000e0000000)
  object space 50176K, 21% used [0x00000000a0000000,0x00000000a0aa42a0,0x00000000a3100000)
 Metaspace       used 25267K, capacity 25956K, committed 26112K, reserved 1071104K
  class space    used 3288K, capacity 3554K, committed 3584K, reserved 1048576K
Event: 72.336 GC heap after
Heap after GC invocations=10 (full 1):
 PSYoungGen      total 139776K, used 3312K [0x00000000e0000000, 0x00000000eda80000, 0x0000000100000000)
  eden space 130560K, 0% used [0x00000000e0000000,0x00000000e0000000,0x00000000e7f80000)
  from space 9216K, 35% used [0x00000000e7f80000,0x00000000e82bc020,0x00000000e8880000)
  to   space 9216K, 0% used [0x00000000ed180000,0x00000000ed180000,0x00000000eda80000)
 ParOldGen       total 50176K, used 10904K [0x00000000a0000000, 0x00000000a3100000, 0x00000000e0000000)
  object space 50176K, 21% used [0x00000000a0000000,0x00000000a0aa62a0,0x00000000a3100000)
 Metaspace       used 25267K, capacity 25956K, committed 26112K, reserved 1071104K
  class space    used 3288K, capacity 3554K, committed 3584K, reserved 1048576K
}
Event: 72.739 GC heap before
{Heap before GC invocations=11 (full 1):
 PSYoungGen      total 139776K, used 133872K [0x00000000e0000000, 0x00000000eda80000, 0x0000000100000000)
  eden space 130560K, 100% used [0x00000000e0000000,0x00000000e7f80000,0x00000000e7f80000)
  from space 9216K, 35% used [0x00000000e7f80000,0x00000000e82bc020,0x00000000e8880000)
  to   space 9216K, 0% used [0x00000000ed180000,0x00000000ed180000,0x00000000eda80000)
 ParOldGen       total 50176K, used 10904K [0x00000000a0000000, 0x00000000a3100000, 0x00000000e0000000)
  object space 50176K, 21% used [0x00000000a0000000,0x00000000a0aa62a0,0x00000000a3100000)
 Metaspace       used 25267K, capacity 25956K, committed 26112K, reserved 1071104K
  class space    used 3288K, capacity 3554K, committed 3584K, reserved 1048576K
Event: 72.748 GC heap after
Heap after GC invocations=11 (full 1):
 PSYoungGen      total 214016K, used 1472K [0x00000000e0000000, 0x00000000edb80000, 0x0000000100000000)
  eden space 204800K, 0% used [0x00000000e0000000,0x00000000e0000000,0x00000000ec800000)
  from space 9216K, 15% used [0x00000000ed180000,0x00000000ed2f0040,0x00000000eda80000)
  to   space 9728K, 0% used [0x00000000ec800000,0x00000000ec800000,0x00000000ed180000)
 ParOldGen       total 50176K, used 13397K [0x00000000a0000000, 0x00000000a3100000, 0x00000000e0000000)
  object space 50176K, 26% used [0x00000000a0000000,0x00000000a0d15410,0x00000000a3100000)
 Metaspace       used 25267K, capacity 25956K, committed 26112K, reserved 1071104K
  class space    used 3288K, capacity 3554K, committed 3584K, reserved 1048576K
}
Event: 77.336 GC heap before
{Heap before GC invocations=12 (full 1):
 PSYoungGen      total 214016K, used 70818K [0x00000000e0000000, 0x00000000edb80000, 0x0000000100000000)
  eden space 204800K, 33% used [0x00000000e0000000,0x00000000e43b8958,0x00000000ec800000)
  from space 9216K, 15% used [0x00000000ed180000,0x00000000ed2f0040,0x00000000eda80000)
  to   space 9728K, 0% used [0x00000000ec800000,0x00000000ec800000,0x00000000ed180000)
 ParOldGen       total 50176K, used 13397K [0x00000000a0000000, 0x00000000a3100000, 0x00000000e0000000)
  object space 50176K, 26% used [0x00000000a0000000,0x00000000a0d15410,0x00000000a3100000)
 Metaspace       used 29323K, capacity 30446K, committed 30592K, reserved 1075200K
  class space    used 3800K, capacity 4214K, committed 4224K, reserved 1048576K
Event: 77.346 GC heap after
Heap after GC invocations=12 (full 1):
 PSYoungGen      total 214528K, used 8097K [0x00000000e0000000, 0x00000000edc80000, 0x0000000100000000)
  eden space 204800K, 0% used [0x00000000e0000000,0x00000000e0000000,0x00000000ec800000)
  from space 9728K, 83% used [0x00000000ec800000,0x00000000ecfe8668,0x00000000ed180000)
  to   space 10240K, 0% used [0x00000000ed280000,0x00000000ed280000,0x00000000edc80000)
 ParOldGen       total 50176K, used 14877K [0x00000000a0000000, 0x00000000a3100000, 0x00000000e0000000)
  object space 50176K, 29% used [0x00000000a0000000,0x00000000a0e87490,0x00000000a3100000)
 Metaspace       used 29323K, capacity 30446K, committed 30592K, reserved 1075200K
  class space    used 3800K, capacity 4214K, committed 4224K, reserved 1048576K
}
Event: 77.346 GC heap before
{Heap before GC invocations=13 (full 2):
 PSYoungGen      total 214528K, used 8097K [0x00000000e0000000, 0x00000000edc80000, 0x0000000100000000)
  eden space 204800K, 0% used [0x00000000e0000000,0x00000000e0000000,0x00000000ec800000)
  from space 9728K, 83% used [0x00000000ec800000,0x00000000ecfe8668,0x00000000ed180000)
  to   space 10240K, 0% used [0x00000000ed280000,0x00000000ed280000,0x00000000edc80000)
 ParOldGen       total 50176K, used 14877K [0x00000000a0000000, 0x00000000a3100000, 0x00000000e0000000)
  object space 50176K, 29% used [0x00000000a0000000,0x00000000a0e87490,0x00000000a3100000)
 Metaspace       used 29323K, capacity 30446K, committed 30592K, reserved 1075200K
  class space    used 3800K, capacity 4214K, committed 4224K, reserved 1048576K
Event: 77.445 GC heap after
Heap after GC invocations=13 (full 2):
 PSYoungGen      total 214528K, used 0K [0x00000000e0000000, 0x00000000edc80000, 0x0000000100000000)
  eden space 204800K, 0% used [0x00000000e0000000,0x00000000e0000000,0x00000000ec800000)
  from space 9728K, 0% used [0x00000000ec800000,0x00000000ec800000,0x00000000ed180000)
  to   space 10240K, 0% used [0x00000000ed280000,0x00000000ed280000,0x00000000edc80000)
 ParOldGen       total 50176K, used 18052K [0x00000000a0000000, 0x00000000a3100000, 0x00000000e0000000)
  object space 50176K, 35% used [0x00000000a0000000,0x00000000a11a1170,0x00000000a3100000)
 Metaspace       used 29278K, capacity 30282K, committed 30592K, reserved 1075200K
  class space    used 3789K, capacity 4146K, committed 4224K, reserved 1048576K
}

