# JRE version: OpenJDK Runtime Environment (8.0_242-b01) (build 1.8.0_242-release-1644-b01)
# Java VM: OpenJDK 64-Bit Server VM (25.242-b01 mixed mode windows-amd64 compressed oops)
Heap:
 PSYoungGen      total 121856K, used 70586K [0x00000000e0000000, 0x00000000e8600000, 0x0000000100000000)
  eden space 111104K, 54% used [0x00000000e0000000,0x00000000e3b6a7a0,0x00000000e6c80000)
  from space 10752K, 90% used [0x00000000e7780000,0x00000000e8104060,0x00000000e8200000)
  to   space 11264K, 0% used [0x00000000e6c80000,0x00000000e6c80000,0x00000000e7780000)
 ParOldGen       total 49664K, used 6518K [0x00000000a0000000, 0x00000000a3080000, 0x00000000e0000000)
  object space 49664K, 13% used [0x00000000a0000000,0x00000000a065d8f0,0x00000000a3080000)
 Metaspace       used 28135K, capacity 28650K, committed 28928K, reserved 1075200K
  class space    used 3788K, capacity 3976K, committed 4096K, reserved 1048576K
GC Heap History (10 events):
Event: 19.091 GC heap before
{Heap before GC invocations=5 (full 0):
 PSYoungGen      total 38400K, used 7896K [0x00000000e0000000, 0x00000000e2a80000, 0x0000000100000000)
  eden space 33280K, 8% used [0x00000000e0000000,0x00000000e02bd130,0x00000000e2080000)
  from space 5120K, 99% used [0x00000000e2580000,0x00000000e2a790f0,0x00000000e2a80000)
  to   space 5120K, 0% used [0x00000000e2080000,0x00000000e2080000,0x00000000e2580000)
 ParOldGen       total 87552K, used 7892K [0x00000000a0000000, 0x00000000a5580000, 0x00000000e0000000)
  object space 87552K, 9% used [0x00000000a0000000,0x00000000a07b50d8,0x00000000a5580000)
 Metaspace       used 20546K, capacity 21066K, committed 21248K, reserved 1067008K
  class space    used 2804K, capacity 2988K, committed 3072K, reserved 1048576K
Event: 19.100 GC heap after
Heap after GC invocations=5 (full 0):
 PSYoungGen      total 38400K, used 5089K [0x00000000e0000000, 0x00000000e5600000, 0x0000000100000000)
  eden space 33280K, 0% used [0x00000000e0000000,0x00000000e0000000,0x00000000e2080000)
  from space 5120K, 99% used [0x00000000e2080000,0x00000000e2578710,0x00000000e2580000)
  to   space 10752K, 0% used [0x00000000e4b80000,0x00000000e4b80000,0x00000000e5600000)
 ParOldGen       total 87552K, used 8451K [0x00000000a0000000, 0x00000000a5580000, 0x00000000e0000000)
  object space 87552K, 9% used [0x00000000a0000000,0x00000000a0840d40,0x00000000a5580000)
 Metaspace       used 20546K, capacity 21066K, committed 21248K, reserved 1067008K
  class space    used 2804K, capacity 2988K, committed 3072K, reserved 1048576K
}
Event: 19.100 GC heap before
{Heap before GC invocations=6 (full 1):
 PSYoungGen      total 38400K, used 5089K [0x00000000e0000000, 0x00000000e5600000, 0x0000000100000000)
  eden space 33280K, 0% used [0x00000000e0000000,0x00000000e0000000,0x00000000e2080000)
  from space 5120K, 99% used [0x00000000e2080000,0x00000000e2578710,0x00000000e2580000)
  to   space 10752K, 0% used [0x00000000e4b80000,0x00000000e4b80000,0x00000000e5600000)
 ParOldGen       total 87552K, used 8451K [0x00000000a0000000, 0x00000000a5580000, 0x00000000e0000000)
  object space 87552K, 9% used [0x00000000a0000000,0x00000000a0840d40,0x00000000a5580000)
 Metaspace       used 20546K, capacity 21066K, committed 21248K, reserved 1067008K
  class space    used 2804K, capacity 2988K, committed 3072K, reserved 1048576K
Event: 19.162 GC heap after
Heap after GC invocations=6 (full 1):
 PSYoungGen      total 38400K, used 0K [0x00000000e0000000, 0x00000000e5600000, 0x0000000100000000)
  eden space 33280K, 0% used [0x00000000e0000000,0x00000000e0000000,0x00000000e2080000)
  from space 5120K, 0% used [0x00000000e2080000,0x00000000e2080000,0x00000000e2580000)
  to   space 10752K, 0% used [0x00000000e4b80000,0x00000000e4b80000,0x00000000e5600000)
 ParOldGen       total 49664K, used 6502K [0x00000000a0000000, 0x00000000a3080000, 0x00000000e0000000)
  object space 49664K, 13% used [0x00000000a0000000,0x00000000a06598f0,0x00000000a3080000)
 Metaspace       used 20546K, capacity 21066K, committed 21248K, reserved 1067008K
  class space    used 2804K, capacity 2988K, committed 3072K, reserved 1048576K
}
Event: 22.631 GC heap before
{Heap before GC invocations=7 (full 1):
 PSYoungGen      total 38400K, used 33280K [0x00000000e0000000, 0x00000000e5600000, 0x0000000100000000)
  eden space 33280K, 100% used [0x00000000e0000000,0x00000000e2080000,0x00000000e2080000)
  from space 5120K, 0% used [0x00000000e2080000,0x00000000e2080000,0x00000000e2580000)
  to   space 10752K, 0% used [0x00000000e4b80000,0x00000000e4b80000,0x00000000e5600000)
 ParOldGen       total 49664K, used 6502K [0x00000000a0000000, 0x00000000a3080000, 0x00000000e0000000)
  object space 49664K, 13% used [0x00000000a0000000,0x00000000a06598f0,0x00000000a3080000)
 Metaspace       used 25398K, capacity 25972K, committed 26112K, reserved 1071104K
  class space    used 3342K, capacity 3514K, committed 3584K, reserved 1048576K
Event: 22.644 GC heap after
Heap after GC invocations=7 (full 1):
 PSYoungGen      total 66048K, used 4500K [0x00000000e0000000, 0x00000000e5000000, 0x0000000100000000)
  eden space 61440K, 0% used [0x00000000e0000000,0x00000000e0000000,0x00000000e3c00000)
  from space 4608K, 97% used [0x00000000e4b80000,0x00000000e4fe5148,0x00000000e5000000)
  to   space 10240K, 0% used [0x00000000e3c00000,0x00000000e3c00000,0x00000000e4600000)
 ParOldGen       total 49664K, used 6510K [0x00000000a0000000, 0x00000000a3080000, 0x00000000e0000000)
  object space 49664K, 13% used [0x00000000a0000000,0x00000000a065b8f0,0x00000000a3080000)
 Metaspace       used 25398K, capacity 25972K, committed 26112K, reserved 1071104K
  class space    used 3342K, capacity 3514K, committed 3584K, reserved 1048576K
}
Event: 25.999 GC heap before
{Heap before GC invocations=8 (full 1):
 PSYoungGen      total 66048K, used 65940K [0x00000000e0000000, 0x00000000e5000000, 0x0000000100000000)
  eden space 61440K, 100% used [0x00000000e0000000,0x00000000e3c00000,0x00000000e3c00000)
  from space 4608K, 97% used [0x00000000e4b80000,0x00000000e4fe5148,0x00000000e5000000)
  to   space 10240K, 0% used [0x00000000e3c00000,0x00000000e3c00000,0x00000000e4600000)
 ParOldGen       total 49664K, used 6510K [0x00000000a0000000, 0x00000000a3080000, 0x00000000e0000000)
  object space 49664K, 13% used [0x00000000a0000000,0x00000000a065b8f0,0x00000000a3080000)
 Metaspace       used 27721K, capacity 28198K, committed 28544K, reserved 1073152K
  class space    used 3746K, capacity 3933K, committed 3968K, reserved 1048576K
Event: 26.016 GC heap after
Heap after GC invocations=8 (full 1):
 PSYoungGen      total 71680K, used 7503K [0x00000000e0000000, 0x00000000e8200000, 0x0000000100000000)
  eden space 61440K, 0% used [0x00000000e0000000,0x00000000e0000000,0x00000000e3c00000)
  from space 10240K, 73% used [0x00000000e3c00000,0x00000000e4353d80,0x00000000e4600000)
  to   space 10752K, 0% used [0x00000000e7780000,0x00000000e7780000,0x00000000e8200000)
 ParOldGen       total 49664K, used 6518K [0x00000000a0000000, 0x00000000a3080000, 0x00000000e0000000)
  object space 49664K, 13% used [0x00000000a0000000,0x00000000a065d8f0,0x00000000a3080000)
 Metaspace       used 27721K, capacity 28198K, committed 28544K, reserved 1073152K
  class space    used 3746K, capacity 3933K, committed 3968K, reserved 1048576K
}
Event: 26.778 GC heap before
{Heap before GC invocations=9 (full 1):
 PSYoungGen      total 71680K, used 68943K [0x00000000e0000000, 0x00000000e8200000, 0x0000000100000000)
  eden space 61440K, 100% used [0x00000000e0000000,0x00000000e3c00000,0x00000000e3c00000)
  from space 10240K, 73% used [0x00000000e3c00000,0x00000000e4353d80,0x00000000e4600000)
  to   space 10752K, 0% used [0x00000000e7780000,0x00000000e7780000,0x00000000e8200000)
 ParOldGen       total 49664K, used 6518K [0x00000000a0000000, 0x00000000a3080000, 0x00000000e0000000)
  object space 49664K, 13% used [0x00000000a0000000,0x00000000a065d8f0,0x00000000a3080000)
 Metaspace       used 27736K, capacity 28262K, committed 28544K, reserved 1073152K
  class space    used 3750K, capacity 3933K, committed 3968K, reserved 1048576K
Event: 26.811 GC heap after
Heap after GC invocations=9 (full 1):
 PSYoungGen      total 121856K, used 9744K [0x00000000e0000000, 0x00000000e8600000, 0x0000000100000000)
  eden space 111104K, 0% used [0x00000000e0000000,0x00000000e0000000,0x00000000e6c80000)
  from space 10752K, 90% used [0x00000000e7780000,0x00000000e8104060,0x00000000e8200000)
  to   space 11264K, 0% used [0x00000000e6c80000,0x00000000e6c80000,0x00000000e7780000)
 ParOldGen       total 49664K, used 6518K [0x00000000a0000000, 0x00000000a3080000, 0x00000000e0000000)
  object space 49664K, 13% used [0x00000000a0000000,0x00000000a065d8f0,0x00000000a3080000)
 Metaspace       used 27736K, capacity 28262K, committed 28544K, reserved 1073152K
  class space    used 3750K, capacity 3933K, committed 3968K, reserved 1048576K
}

