# JRE version: OpenJDK Runtime Environment (8.0_242-b01) (build 1.8.0_242-release-1644-b01)
# Java VM: OpenJDK 64-Bit Server VM (25.242-b01 mixed mode windows-amd64 compressed oops)
Heap:
 PSYoungGen      total 202752K, used 193517K [0x00000000e0000000, 0x00000000f1e00000, 0x0000000100000000)
  eden space 190464K, 99% used [0x00000000e0000000,0x00000000eb8ed938,0x00000000eba00000)
  from space 12288K, 33% used [0x00000000eba00000,0x00000000ebe0dba8,0x00000000ec600000)
  to   space 11776K, 0% used [0x00000000f1280000,0x00000000f1280000,0x00000000f1e00000)
 ParOldGen       total 92672K, used 25108K [0x00000000a0000000, 0x00000000a5a80000, 0x00000000e0000000)
  object space 92672K, 27% used [0x00000000a0000000,0x00000000a18851a0,0x00000000a5a80000)
 Metaspace       used 40124K, capacity 41670K, committed 41856K, reserved 1085440K
  class space    used 5333K, capacity 5676K, committed 5760K, reserved 1048576K
GC Heap History (10 events):
Event: 32.473 GC heap before
{Heap before GC invocations=11 (full 2):
 PSYoungGen      total 103936K, used 93782K [0x00000000e0000000, 0x00000000e7700000, 0x0000000100000000)
  eden space 90624K, 100% used [0x00000000e0000000,0x00000000e5880000,0x00000000e5880000)
  from space 13312K, 23% used [0x00000000e6580000,0x00000000e6895998,0x00000000e7280000)
  to   space 13312K, 0% used [0x00000000e5880000,0x00000000e5880000,0x00000000e6580000)
 ParOldGen       total 92672K, used 16528K [0x00000000a0000000, 0x00000000a5a80000, 0x00000000e0000000)
  object space 92672K, 17% used [0x00000000a0000000,0x00000000a10243e8,0x00000000a5a80000)
 Metaspace       used 35998K, capacity 37218K, committed 37376K, reserved 1081344K
  class space    used 4785K, capacity 5076K, committed 5120K, reserved 1048576K
Event: 32.516 GC heap after
Heap after GC invocations=11 (full 2):
 PSYoungGen      total 103936K, used 4230K [0x00000000e0000000, 0x00000000e9980000, 0x0000000100000000)
  eden space 90624K, 0% used [0x00000000e0000000,0x00000000e0000000,0x00000000e5880000)
  from space 13312K, 31% used [0x00000000e5880000,0x00000000e5ca1bb8,0x00000000e6580000)
  to   space 12800K, 0% used [0x00000000e8d00000,0x00000000e8d00000,0x00000000e9980000)
 ParOldGen       total 92672K, used 16528K [0x00000000a0000000, 0x00000000a5a80000, 0x00000000e0000000)
  object space 92672K, 17% used [0x00000000a0000000,0x00000000a10243e8,0x00000000a5a80000)
 Metaspace       used 35998K, capacity 37218K, committed 37376K, reserved 1081344K
  class space    used 4785K, capacity 5076K, committed 5120K, reserved 1048576K
}
Event: 33.427 GC heap before
{Heap before GC invocations=12 (full 2):
 PSYoungGen      total 103936K, used 94854K [0x00000000e0000000, 0x00000000e9980000, 0x0000000100000000)
  eden space 90624K, 100% used [0x00000000e0000000,0x00000000e5880000,0x00000000e5880000)
  from space 13312K, 31% used [0x00000000e5880000,0x00000000e5ca1bb8,0x00000000e6580000)
  to   space 12800K, 0% used [0x00000000e8d00000,0x00000000e8d00000,0x00000000e9980000)
 ParOldGen       total 92672K, used 16528K [0x00000000a0000000, 0x00000000a5a80000, 0x00000000e0000000)
  object space 92672K, 17% used [0x00000000a0000000,0x00000000a10243e8,0x00000000a5a80000)
 Metaspace       used 36021K, capacity 37218K, committed 37376K, reserved 1081344K
  class space    used 4787K, capacity 5076K, committed 5120K, reserved 1048576K
Event: 33.489 GC heap after
Heap after GC invocations=12 (full 2):
 PSYoungGen      total 144384K, used 7074K [0x00000000e0000000, 0x00000000e9d00000, 0x0000000100000000)
  eden space 131584K, 0% used [0x00000000e0000000,0x00000000e0000000,0x00000000e8080000)
  from space 12800K, 55% used [0x00000000e8d00000,0x00000000e93e8b58,0x00000000e9980000)
  to   space 12800K, 0% used [0x00000000e8080000,0x00000000e8080000,0x00000000e8d00000)
 ParOldGen       total 92672K, used 16528K [0x00000000a0000000, 0x00000000a5a80000, 0x00000000e0000000)
  object space 92672K, 17% used [0x00000000a0000000,0x00000000a10243e8,0x00000000a5a80000)
 Metaspace       used 36021K, capacity 37218K, committed 37376K, reserved 1081344K
  class space    used 4787K, capacity 5076K, committed 5120K, reserved 1048576K
}
Event: 37.818 GC heap before
{Heap before GC invocations=13 (full 2):
 PSYoungGen      total 144384K, used 138658K [0x00000000e0000000, 0x00000000e9d00000, 0x0000000100000000)
  eden space 131584K, 100% used [0x00000000e0000000,0x00000000e8080000,0x00000000e8080000)
  from space 12800K, 55% used [0x00000000e8d00000,0x00000000e93e8b58,0x00000000e9980000)
  to   space 12800K, 0% used [0x00000000e8080000,0x00000000e8080000,0x00000000e8d00000)
 ParOldGen       total 92672K, used 16528K [0x00000000a0000000, 0x00000000a5a80000, 0x00000000e0000000)
  object space 92672K, 17% used [0x00000000a0000000,0x00000000a10243e8,0x00000000a5a80000)
 Metaspace       used 36592K, capacity 37852K, committed 38016K, reserved 1081344K
  class space    used 4831K, capacity 5130K, committed 5248K, reserved 1048576K
Event: 37.825 GC heap after
Heap after GC invocations=13 (full 2):
 PSYoungGen      total 144384K, used 3832K [0x00000000e0000000, 0x00000000ed400000, 0x0000000100000000)
  eden space 131584K, 0% used [0x00000000e0000000,0x00000000e0000000,0x00000000e8080000)
  from space 12800K, 29% used [0x00000000e8080000,0x00000000e843e038,0x00000000e8d00000)
  to   space 12288K, 0% used [0x00000000ec800000,0x00000000ec800000,0x00000000ed400000)
 ParOldGen       total 92672K, used 17221K [0x00000000a0000000, 0x00000000a5a80000, 0x00000000e0000000)
  object space 92672K, 18% used [0x00000000a0000000,0x00000000a10d1408,0x00000000a5a80000)
 Metaspace       used 36592K, capacity 37852K, committed 38016K, reserved 1081344K
  class space    used 4831K, capacity 5130K, committed 5248K, reserved 1048576K
}
Event: 39.536 GC heap before
{Heap before GC invocations=14 (full 2):
 PSYoungGen      total 144384K, used 135416K [0x00000000e0000000, 0x00000000ed400000, 0x0000000100000000)
  eden space 131584K, 100% used [0x00000000e0000000,0x00000000e8080000,0x00000000e8080000)
  from space 12800K, 29% used [0x00000000e8080000,0x00000000e843e038,0x00000000e8d00000)
  to   space 12288K, 0% used [0x00000000ec800000,0x00000000ec800000,0x00000000ed400000)
 ParOldGen       total 92672K, used 17221K [0x00000000a0000000, 0x00000000a5a80000, 0x00000000e0000000)
  object space 92672K, 18% used [0x00000000a0000000,0x00000000a10d1408,0x00000000a5a80000)
 Metaspace       used 36592K, capacity 37852K, committed 38016K, reserved 1081344K
  class space    used 4831K, capacity 5130K, committed 5248K, reserved 1048576K
Event: 39.557 GC heap after
Heap after GC invocations=14 (full 2):
 PSYoungGen      total 200704K, used 4315K [0x00000000e0000000, 0x00000000ed200000, 0x0000000100000000)
  eden space 190464K, 0% used [0x00000000e0000000,0x00000000e0000000,0x00000000eba00000)
  from space 10240K, 42% used [0x00000000ec800000,0x00000000ecc36e18,0x00000000ed200000)
  to   space 12288K, 0% used [0x00000000eba00000,0x00000000eba00000,0x00000000ec600000)
 ParOldGen       total 92672K, used 20776K [0x00000000a0000000, 0x00000000a5a80000, 0x00000000e0000000)
  object space 92672K, 22% used [0x00000000a0000000,0x00000000a144a388,0x00000000a5a80000)
 Metaspace       used 36592K, capacity 37852K, committed 38016K, reserved 1081344K
  class space    used 4831K, capacity 5130K, committed 5248K, reserved 1048576K
}
Event: 44.919 GC heap before
{Heap before GC invocations=15 (full 2):
 PSYoungGen      total 200704K, used 194779K [0x00000000e0000000, 0x00000000ed200000, 0x0000000100000000)
  eden space 190464K, 100% used [0x00000000e0000000,0x00000000eba00000,0x00000000eba00000)
  from space 10240K, 42% used [0x00000000ec800000,0x00000000ecc36e18,0x00000000ed200000)
  to   space 12288K, 0% used [0x00000000eba00000,0x00000000eba00000,0x00000000ec600000)
 ParOldGen       total 92672K, used 20776K [0x00000000a0000000, 0x00000000a5a80000, 0x00000000e0000000)
  object space 92672K, 22% used [0x00000000a0000000,0x00000000a144a388,0x00000000a5a80000)
 Metaspace       used 36598K, capacity 37852K, committed 38016K, reserved 1081344K
  class space    used 4831K, capacity 5130K, committed 5248K, reserved 1048576K
Event: 44.927 GC heap after
Heap after GC invocations=15 (full 2):
 PSYoungGen      total 202752K, used 4150K [0x00000000e0000000, 0x00000000f1e00000, 0x0000000100000000)
  eden space 190464K, 0% used [0x00000000e0000000,0x00000000e0000000,0x00000000eba00000)
  from space 12288K, 33% used [0x00000000eba00000,0x00000000ebe0dba8,0x00000000ec600000)
  to   space 11776K, 0% used [0x00000000f1280000,0x00000000f1280000,0x00000000f1e00000)
 ParOldGen       total 92672K, used 25108K [0x00000000a0000000, 0x00000000a5a80000, 0x00000000e0000000)
  object space 92672K, 27% used [0x00000000a0000000,0x00000000a18851a0,0x00000000a5a80000)
 Metaspace       used 36598K, capacity 37852K, committed 38016K, reserved 1081344K
  class space    used 4831K, capacity 5130K, committed 5248K, reserved 1048576K
}

