# JRE version: OpenJDK Runtime Environment (8.0_242-b01) (build 1.8.0_242-release-1644-b01)
# Java VM: OpenJDK 64-Bit Server VM (25.242-b01 mixed mode windows-amd64 compressed oops)
Heap:
 PSYoungGen      total 100352K, used 9422K [0x00000000e0000000, 0x00000000e8980000, 0x0000000100000000)
  eden space 91136K, 8% used [0x00000000e0000000,0x00000000e078baf8,0x00000000e5900000)
  from space 9216K, 18% used [0x00000000e6380000,0x00000000e6528030,0x00000000e6c80000)
  to   space 10752K, 0% used [0x00000000e5900000,0x00000000e5900000,0x00000000e6380000)
 ParOldGen       total 55296K, used 15627K [0x00000000a0000000, 0x00000000a3600000, 0x00000000e0000000)
  object space 55296K, 28% used [0x00000000a0000000,0x00000000a0f42e00,0x00000000a3600000)
 Metaspace       used 29677K, capacity 30996K, committed 31232K, reserved 1077248K
  class space    used 3840K, capacity 4278K, committed 4352K, reserved 1048576K
GC Heap History (10 events):
Event: 10.221 GC heap before
{Heap before GC invocations=12 (full 1):
 PSYoungGen      total 101376K, used 92992K [0x00000000e0000000, 0x00000000e6e00000, 0x0000000100000000)
  eden space 92160K, 100% used [0x00000000e0000000,0x00000000e5a00000,0x00000000e5a00000)
  from space 9216K, 9% used [0x00000000e6380000,0x00000000e6450010,0x00000000e6c80000)
  to   space 9728K, 0% used [0x00000000e5a00000,0x00000000e5a00000,0x00000000e6380000)
 ParOldGen       total 55296K, used 10515K [0x00000000a0000000, 0x00000000a3600000, 0x00000000e0000000)
  object space 55296K, 19% used [0x00000000a0000000,0x00000000a0a44d18,0x00000000a3600000)
 Metaspace       used 25284K, capacity 25962K, committed 26112K, reserved 1071104K
  class space    used 3295K, capacity 3555K, committed 3584K, reserved 1048576K
Event: 10.224 GC heap after
Heap after GC invocations=12 (full 1):
 PSYoungGen      total 101888K, used 576K [0x00000000e0000000, 0x00000000e6e00000, 0x0000000100000000)
  eden space 92160K, 0% used [0x00000000e0000000,0x00000000e0000000,0x00000000e5a00000)
  from space 9728K, 5% used [0x00000000e5a00000,0x00000000e5a90020,0x00000000e6380000)
  to   space 9216K, 0% used [0x00000000e6380000,0x00000000e6380000,0x00000000e6c80000)
 ParOldGen       total 55296K, used 11259K [0x00000000a0000000, 0x00000000a3600000, 0x00000000e0000000)
  object space 55296K, 20% used [0x00000000a0000000,0x00000000a0afed38,0x00000000a3600000)
 Metaspace       used 25284K, capacity 25962K, committed 26112K, reserved 1071104K
  class space    used 3295K, capacity 3555K, committed 3584K, reserved 1048576K
}
Event: 12.329 GC heap before
{Heap before GC invocations=13 (full 1):
 PSYoungGen      total 101888K, used 92736K [0x00000000e0000000, 0x00000000e6e00000, 0x0000000100000000)
  eden space 92160K, 100% used [0x00000000e0000000,0x00000000e5a00000,0x00000000e5a00000)
  from space 9728K, 5% used [0x00000000e5a00000,0x00000000e5a90020,0x00000000e6380000)
  to   space 9216K, 0% used [0x00000000e6380000,0x00000000e6380000,0x00000000e6c80000)
 ParOldGen       total 55296K, used 11259K [0x00000000a0000000, 0x00000000a3600000, 0x00000000e0000000)
  object space 55296K, 20% used [0x00000000a0000000,0x00000000a0afed38,0x00000000a3600000)
 Metaspace       used 29073K, capacity 30182K, committed 30336K, reserved 1075200K
  class space    used 3776K, capacity 4209K, committed 4224K, reserved 1048576K
Event: 12.339 GC heap after
Heap after GC invocations=13 (full 1):
 PSYoungGen      total 101376K, used 7345K [0x00000000e0000000, 0x00000000e6e00000, 0x0000000100000000)
  eden space 92160K, 0% used [0x00000000e0000000,0x00000000e0000000,0x00000000e5a00000)
  from space 9216K, 79% used [0x00000000e6380000,0x00000000e6aac4b0,0x00000000e6c80000)
  to   space 9728K, 0% used [0x00000000e5a00000,0x00000000e5a00000,0x00000000e6380000)
 ParOldGen       total 55296K, used 11771K [0x00000000a0000000, 0x00000000a3600000, 0x00000000e0000000)
  object space 55296K, 21% used [0x00000000a0000000,0x00000000a0b7ed88,0x00000000a3600000)
 Metaspace       used 29073K, capacity 30182K, committed 30336K, reserved 1075200K
  class space    used 3776K, capacity 4209K, committed 4224K, reserved 1048576K
}
Event: 12.529 GC heap before
{Heap before GC invocations=14 (full 1):
 PSYoungGen      total 101376K, used 16986K [0x00000000e0000000, 0x00000000e6e00000, 0x0000000100000000)
  eden space 92160K, 10% used [0x00000000e0000000,0x00000000e096a728,0x00000000e5a00000)
  from space 9216K, 79% used [0x00000000e6380000,0x00000000e6aac4b0,0x00000000e6c80000)
  to   space 9728K, 0% used [0x00000000e5a00000,0x00000000e5a00000,0x00000000e6380000)
 ParOldGen       total 55296K, used 11771K [0x00000000a0000000, 0x00000000a3600000, 0x00000000e0000000)
  object space 55296K, 21% used [0x00000000a0000000,0x00000000a0b7ed88,0x00000000a3600000)
 Metaspace       used 29362K, capacity 30516K, committed 30592K, reserved 1075200K
  class space    used 3809K, capacity 4215K, committed 4224K, reserved 1048576K
Event: 12.543 GC heap after
Heap after GC invocations=14 (full 1):
 PSYoungGen      total 101888K, used 1048K [0x00000000e0000000, 0x00000000e6e00000, 0x0000000100000000)
  eden space 92160K, 0% used [0x00000000e0000000,0x00000000e0000000,0x00000000e5a00000)
  from space 9728K, 10% used [0x00000000e5a00000,0x00000000e5b062c8,0x00000000e6380000)
  to   space 9216K, 0% used [0x00000000e6380000,0x00000000e6380000,0x00000000e6c80000)
 ParOldGen       total 55296K, used 16467K [0x00000000a0000000, 0x00000000a3600000, 0x00000000e0000000)
  object space 55296K, 29% used [0x00000000a0000000,0x00000000a1014de0,0x00000000a3600000)
 Metaspace       used 29362K, capacity 30516K, committed 30592K, reserved 1075200K
  class space    used 3809K, capacity 4215K, committed 4224K, reserved 1048576K
}
Event: 12.543 GC heap before
{Heap before GC invocations=15 (full 2):
 PSYoungGen      total 101888K, used 1048K [0x00000000e0000000, 0x00000000e6e00000, 0x0000000100000000)
  eden space 92160K, 0% used [0x00000000e0000000,0x00000000e0000000,0x00000000e5a00000)
  from space 9728K, 10% used [0x00000000e5a00000,0x00000000e5b062c8,0x00000000e6380000)
  to   space 9216K, 0% used [0x00000000e6380000,0x00000000e6380000,0x00000000e6c80000)
 ParOldGen       total 55296K, used 16467K [0x00000000a0000000, 0x00000000a3600000, 0x00000000e0000000)
  object space 55296K, 29% used [0x00000000a0000000,0x00000000a1014de0,0x00000000a3600000)
 Metaspace       used 29362K, capacity 30516K, committed 30592K, reserved 1075200K
  class space    used 3809K, capacity 4215K, committed 4224K, reserved 1048576K
Event: 12.733 GC heap after
Heap after GC invocations=15 (full 2):
 PSYoungGen      total 101888K, used 0K [0x00000000e0000000, 0x00000000e6e00000, 0x0000000100000000)
  eden space 92160K, 0% used [0x00000000e0000000,0x00000000e0000000,0x00000000e5a00000)
  from space 9728K, 0% used [0x00000000e5a00000,0x00000000e5a00000,0x00000000e6380000)
  to   space 9216K, 0% used [0x00000000e6380000,0x00000000e6380000,0x00000000e6c80000)
 ParOldGen       total 55296K, used 15619K [0x00000000a0000000, 0x00000000a3600000, 0x00000000e0000000)
  object space 55296K, 28% used [0x00000000a0000000,0x00000000a0f40e00,0x00000000a3600000)
 Metaspace       used 29317K, capacity 30352K, committed 30592K, reserved 1075200K
  class space    used 3798K, capacity 4147K, committed 4224K, reserved 1048576K
}
Event: 142.736 GC heap before
{Heap before GC invocations=16 (full 2):
 PSYoungGen      total 101888K, used 92160K [0x00000000e0000000, 0x00000000e6e00000, 0x0000000100000000)
  eden space 92160K, 100% used [0x00000000e0000000,0x00000000e5a00000,0x00000000e5a00000)
  from space 9728K, 0% used [0x00000000e5a00000,0x00000000e5a00000,0x00000000e6380000)
  to   space 9216K, 0% used [0x00000000e6380000,0x00000000e6380000,0x00000000e6c80000)
 ParOldGen       total 55296K, used 15619K [0x00000000a0000000, 0x00000000a3600000, 0x00000000e0000000)
  object space 55296K, 28% used [0x00000000a0000000,0x00000000a0f40e00,0x00000000a3600000)
 Metaspace       used 29647K, capacity 30882K, committed 31232K, reserved 1077248K
  class space    used 3834K, capacity 4244K, committed 4352K, reserved 1048576K
Event: 142.741 GC heap after
Heap after GC invocations=16 (full 2):
 PSYoungGen      total 100352K, used 1696K [0x00000000e0000000, 0x00000000e8980000, 0x0000000100000000)
  eden space 91136K, 0% used [0x00000000e0000000,0x00000000e0000000,0x00000000e5900000)
  from space 9216K, 18% used [0x00000000e6380000,0x00000000e6528030,0x00000000e6c80000)
  to   space 10752K, 0% used [0x00000000e5900000,0x00000000e5900000,0x00000000e6380000)
 ParOldGen       total 55296K, used 15627K [0x00000000a0000000, 0x00000000a3600000, 0x00000000e0000000)
  object space 55296K, 28% used [0x00000000a0000000,0x00000000a0f42e00,0x00000000a3600000)
 Metaspace       used 29647K, capacity 30882K, committed 31232K, reserved 1077248K
  class space    used 3834K, capacity 4244K, committed 4352K, reserved 1048576K
}

