# JRE version: OpenJDK Runtime Environment (8.0_242-b01) (build 1.8.0_242-release-1644-b01)
# Java VM: OpenJDK 64-Bit Server VM (25.242-b01 mixed mode windows-amd64 compressed oops)
Heap:
 PSYoungGen      total 121344K, used 67189K [0x00000000e0000000, 0x00000000e9380000, 0x0000000100000000)
  eden space 115712K, 53% used [0x00000000e0000000,0x00000000e3c20bc0,0x00000000e7100000)
  from space 5632K, 99% used [0x00000000e8e00000,0x00000000e937c970,0x00000000e9380000)
  to   space 11776K, 0% used [0x00000000e7c80000,0x00000000e7c80000,0x00000000e8800000)
 ParOldGen       total 58368K, used 15759K [0x00000000a0000000, 0x00000000a3900000, 0x00000000e0000000)
  object space 58368K, 27% used [0x00000000a0000000,0x00000000a0f63d90,0x00000000a3900000)
 Metaspace       used 33500K, capacity 34738K, committed 34816K, reserved 1079296K
  class space    used 4521K, capacity 4824K, committed 4864K, reserved 1048576K
GC Heap History (10 events):
Event: 18.806 GC heap before
{Heap before GC invocations=5 (full 0):
 PSYoungGen      total 71680K, used 70802K [0x00000000e0000000, 0x00000000e4b00000, 0x0000000100000000)
  eden space 66560K, 98% used [0x00000000e0000000,0x00000000e4028c30,0x00000000e4100000)
  from space 5120K, 99% used [0x00000000e4600000,0x00000000e4afbc60,0x00000000e4b00000)
  to   space 5120K, 0% used [0x00000000e4100000,0x00000000e4100000,0x00000000e4600000)
 ParOldGen       total 87552K, used 3750K [0x00000000a0000000, 0x00000000a5580000, 0x00000000e0000000)
  object space 87552K, 4% used [0x00000000a0000000,0x00000000a03a98d0,0x00000000a5580000)
 Metaspace       used 20502K, capacity 21206K, committed 21248K, reserved 1067008K
  class space    used 2856K, capacity 3033K, committed 3072K, reserved 1048576K
Event: 18.826 GC heap after
Heap after GC invocations=5 (full 0):
 PSYoungGen      total 71680K, used 5108K [0x00000000e0000000, 0x00000000e9a00000, 0x0000000100000000)
  eden space 66560K, 0% used [0x00000000e0000000,0x00000000e0000000,0x00000000e4100000)
  from space 5120K, 99% used [0x00000000e4100000,0x00000000e45fd040,0x00000000e4600000)
  to   space 12288K, 0% used [0x00000000e8e00000,0x00000000e8e00000,0x00000000e9a00000)
 ParOldGen       total 87552K, used 9979K [0x00000000a0000000, 0x00000000a5580000, 0x00000000e0000000)
  object space 87552K, 11% used [0x00000000a0000000,0x00000000a09bef30,0x00000000a5580000)
 Metaspace       used 20502K, capacity 21206K, committed 21248K, reserved 1067008K
  class space    used 2856K, capacity 3033K, committed 3072K, reserved 1048576K
}
Event: 18.826 GC heap before
{Heap before GC invocations=6 (full 1):
 PSYoungGen      total 71680K, used 5108K [0x00000000e0000000, 0x00000000e9a00000, 0x0000000100000000)
  eden space 66560K, 0% used [0x00000000e0000000,0x00000000e0000000,0x00000000e4100000)
  from space 5120K, 99% used [0x00000000e4100000,0x00000000e45fd040,0x00000000e4600000)
  to   space 12288K, 0% used [0x00000000e8e00000,0x00000000e8e00000,0x00000000e9a00000)
 ParOldGen       total 87552K, used 9979K [0x00000000a0000000, 0x00000000a5580000, 0x00000000e0000000)
  object space 87552K, 11% used [0x00000000a0000000,0x00000000a09bef30,0x00000000a5580000)
 Metaspace       used 20502K, capacity 21206K, committed 21248K, reserved 1067008K
  class space    used 2856K, capacity 3033K, committed 3072K, reserved 1048576K
Event: 18.891 GC heap after
Heap after GC invocations=6 (full 1):
 PSYoungGen      total 71680K, used 0K [0x00000000e0000000, 0x00000000e9a00000, 0x0000000100000000)
  eden space 66560K, 0% used [0x00000000e0000000,0x00000000e0000000,0x00000000e4100000)
  from space 5120K, 0% used [0x00000000e4100000,0x00000000e4100000,0x00000000e4600000)
  to   space 12288K, 0% used [0x00000000e8e00000,0x00000000e8e00000,0x00000000e9a00000)
 ParOldGen       total 58368K, used 11295K [0x00000000a0000000, 0x00000000a3900000, 0x00000000e0000000)
  object space 58368K, 19% used [0x00000000a0000000,0x00000000a0b07d90,0x00000000a3900000)
 Metaspace       used 20502K, capacity 21206K, committed 21248K, reserved 1067008K
  class space    used 2856K, capacity 3033K, committed 3072K, reserved 1048576K
}
Event: 27.874 GC heap before
{Heap before GC invocations=7 (full 1):
 PSYoungGen      total 71680K, used 66560K [0x00000000e0000000, 0x00000000e9a00000, 0x0000000100000000)
  eden space 66560K, 100% used [0x00000000e0000000,0x00000000e4100000,0x00000000e4100000)
  from space 5120K, 0% used [0x00000000e4100000,0x00000000e4100000,0x00000000e4600000)
  to   space 12288K, 0% used [0x00000000e8e00000,0x00000000e8e00000,0x00000000e9a00000)
 ParOldGen       total 58368K, used 11295K [0x00000000a0000000, 0x00000000a3900000, 0x00000000e0000000)
  object space 58368K, 19% used [0x00000000a0000000,0x00000000a0b07d90,0x00000000a3900000)
 Metaspace       used 25009K, capacity 26046K, committed 26240K, reserved 1071104K
  class space    used 3575K, capacity 3851K, committed 3968K, reserved 1048576K
Event: 27.886 GC heap after
Heap after GC invocations=7 (full 1):
 PSYoungGen      total 121344K, used 5423K [0x00000000e0000000, 0x00000000e9380000, 0x0000000100000000)
  eden space 115712K, 0% used [0x00000000e0000000,0x00000000e0000000,0x00000000e7100000)
  from space 5632K, 96% used [0x00000000e8e00000,0x00000000e934bea8,0x00000000e9380000)
  to   space 11776K, 0% used [0x00000000e7c80000,0x00000000e7c80000,0x00000000e8800000)
 ParOldGen       total 58368K, used 11303K [0x00000000a0000000, 0x00000000a3900000, 0x00000000e0000000)
  object space 58368K, 19% used [0x00000000a0000000,0x00000000a0b09d90,0x00000000a3900000)
 Metaspace       used 25009K, capacity 26046K, committed 26240K, reserved 1071104K
  class space    used 3575K, capacity 3851K, committed 3968K, reserved 1048576K
}
Event: 32.320 GC heap before
{Heap before GC invocations=8 (full 1):
 PSYoungGen      total 121344K, used 121135K [0x00000000e0000000, 0x00000000e9380000, 0x0000000100000000)
  eden space 115712K, 100% used [0x00000000e0000000,0x00000000e7100000,0x00000000e7100000)
  from space 5632K, 96% used [0x00000000e8e00000,0x00000000e934bea8,0x00000000e9380000)
  to   space 11776K, 0% used [0x00000000e7c80000,0x00000000e7c80000,0x00000000e8800000)
 ParOldGen       total 58368K, used 11303K [0x00000000a0000000, 0x00000000a3900000, 0x00000000e0000000)
  object space 58368K, 19% used [0x00000000a0000000,0x00000000a0b09d90,0x00000000a3900000)
 Metaspace       used 33342K, capacity 34582K, committed 34816K, reserved 1079296K
  class space    used 4504K, capacity 4818K, committed 4864K, reserved 1048576K
Event: 32.337 GC heap after
Heap after GC invocations=8 (full 1):
 PSYoungGen      total 127488K, used 11106K [0x00000000e0000000, 0x00000000e9380000, 0x0000000100000000)
  eden space 115712K, 0% used [0x00000000e0000000,0x00000000e0000000,0x00000000e7100000)
  from space 11776K, 94% used [0x00000000e7c80000,0x00000000e87588b8,0x00000000e8800000)
  to   space 5632K, 0% used [0x00000000e8e00000,0x00000000e8e00000,0x00000000e9380000)
 ParOldGen       total 58368K, used 11311K [0x00000000a0000000, 0x00000000a3900000, 0x00000000e0000000)
  object space 58368K, 19% used [0x00000000a0000000,0x00000000a0b0bd90,0x00000000a3900000)
 Metaspace       used 33342K, capacity 34582K, committed 34816K, reserved 1079296K
  class space    used 4504K, capacity 4818K, committed 4864K, reserved 1048576K
}
Event: 33.242 GC heap before
{Heap before GC invocations=9 (full 1):
 PSYoungGen      total 127488K, used 126818K [0x00000000e0000000, 0x00000000e9380000, 0x0000000100000000)
  eden space 115712K, 100% used [0x00000000e0000000,0x00000000e7100000,0x00000000e7100000)
  from space 11776K, 94% used [0x00000000e7c80000,0x00000000e87588b8,0x00000000e8800000)
  to   space 5632K, 0% used [0x00000000e8e00000,0x00000000e8e00000,0x00000000e9380000)
 ParOldGen       total 58368K, used 11311K [0x00000000a0000000, 0x00000000a3900000, 0x00000000e0000000)
  object space 58368K, 19% used [0x00000000a0000000,0x00000000a0b0bd90,0x00000000a3900000)
 Metaspace       used 33342K, capacity 34582K, committed 34816K, reserved 1079296K
  class space    used 4504K, capacity 4818K, committed 4864K, reserved 1048576K
Event: 33.285 GC heap after
Heap after GC invocations=9 (full 1):
 PSYoungGen      total 121344K, used 5618K [0x00000000e0000000, 0x00000000e9380000, 0x0000000100000000)
  eden space 115712K, 0% used [0x00000000e0000000,0x00000000e0000000,0x00000000e7100000)
  from space 5632K, 99% used [0x00000000e8e00000,0x00000000e937c970,0x00000000e9380000)
  to   space 11776K, 0% used [0x00000000e7c80000,0x00000000e7c80000,0x00000000e8800000)
 ParOldGen       total 58368K, used 15759K [0x00000000a0000000, 0x00000000a3900000, 0x00000000e0000000)
  object space 58368K, 27% used [0x00000000a0000000,0x00000000a0f63d90,0x00000000a3900000)
 Metaspace       used 33342K, capacity 34582K, committed 34816K, reserved 1079296K
  class space    used 4504K, capacity 4818K, committed 4864K, reserved 1048576K
}

