# JRE version: OpenJDK Runtime Environment (8.0_242-b01) (build 1.8.0_242-release-1644-b01)
# Java VM: OpenJDK 64-Bit Server VM (25.242-b01 mixed mode windows-amd64 compressed oops)
Heap:
 PSYoungGen      total 133120K, used 64238K [0x00000000e0000000, 0x00000000e8b00000, 0x0000000100000000)
  eden space 123904K, 51% used [0x00000000e0000000,0x00000000e3ebb868,0x00000000e7900000)
  from space 9216K, 0% used [0x00000000e8200000,0x00000000e8200000,0x00000000e8b00000)
  to   space 9216K, 0% used [0x00000000e7900000,0x00000000e7900000,0x00000000e8200000)
 ParOldGen       total 56832K, used 16070K [0x00000000a0000000, 0x00000000a3780000, 0x00000000e0000000)
  object space 56832K, 28% used [0x00000000a0000000,0x00000000a0fb1a08,0x00000000a3780000)
 Metaspace       used 29692K, capacity 30964K, committed 31232K, reserved 1077248K
  class space    used 3835K, capacity 4247K, committed 4352K, reserved 1048576K
GC Heap History (10 events):
Event: 11.370 GC heap before
{Heap before GC invocations=8 (full 1):
 PSYoungGen      total 133120K, used 123904K [0x00000000e0000000, 0x00000000e8b00000, 0x0000000100000000)
  eden space 123904K, 100% used [0x00000000e0000000,0x00000000e7900000,0x00000000e7900000)
  from space 9216K, 0% used [0x00000000e8200000,0x00000000e8200000,0x00000000e8b00000)
  to   space 9216K, 0% used [0x00000000e7900000,0x00000000e7900000,0x00000000e8200000)
 ParOldGen       total 56832K, used 7927K [0x00000000a0000000, 0x00000000a3780000, 0x00000000e0000000)
  object space 56832K, 13% used [0x00000000a0000000,0x00000000a07bdee0,0x00000000a3780000)
 Metaspace       used 25337K, capacity 26120K, committed 26368K, reserved 1073152K
  class space    used 3297K, capacity 3560K, committed 3584K, reserved 1048576K
Event: 11.379 GC heap after
Heap after GC invocations=8 (full 1):
 PSYoungGen      total 133120K, used 6584K [0x00000000e0000000, 0x00000000e8b00000, 0x0000000100000000)
  eden space 123904K, 0% used [0x00000000e0000000,0x00000000e0000000,0x00000000e7900000)
  from space 9216K, 71% used [0x00000000e7900000,0x00000000e7f6e2e8,0x00000000e8200000)
  to   space 9216K, 0% used [0x00000000e8200000,0x00000000e8200000,0x00000000e8b00000)
 ParOldGen       total 56832K, used 7935K [0x00000000a0000000, 0x00000000a3780000, 0x00000000e0000000)
  object space 56832K, 13% used [0x00000000a0000000,0x00000000a07bfee0,0x00000000a3780000)
 Metaspace       used 25337K, capacity 26120K, committed 26368K, reserved 1073152K
  class space    used 3297K, capacity 3560K, committed 3584K, reserved 1048576K
}
Event: 11.798 GC heap before
{Heap before GC invocations=9 (full 1):
 PSYoungGen      total 133120K, used 130488K [0x00000000e0000000, 0x00000000e8b00000, 0x0000000100000000)
  eden space 123904K, 100% used [0x00000000e0000000,0x00000000e7900000,0x00000000e7900000)
  from space 9216K, 71% used [0x00000000e7900000,0x00000000e7f6e2e8,0x00000000e8200000)
  to   space 9216K, 0% used [0x00000000e8200000,0x00000000e8200000,0x00000000e8b00000)
 ParOldGen       total 56832K, used 7935K [0x00000000a0000000, 0x00000000a3780000, 0x00000000e0000000)
  object space 56832K, 13% used [0x00000000a0000000,0x00000000a07bfee0,0x00000000a3780000)
 Metaspace       used 25337K, capacity 26120K, committed 26368K, reserved 1073152K
  class space    used 3297K, capacity 3560K, committed 3584K, reserved 1048576K
Event: 11.803 GC heap after
Heap after GC invocations=9 (full 1):
 PSYoungGen      total 133120K, used 3568K [0x00000000e0000000, 0x00000000e8b00000, 0x0000000100000000)
  eden space 123904K, 0% used [0x00000000e0000000,0x00000000e0000000,0x00000000e7900000)
  from space 9216K, 38% used [0x00000000e8200000,0x00000000e857c040,0x00000000e8b00000)
  to   space 9216K, 0% used [0x00000000e7900000,0x00000000e7900000,0x00000000e8200000)
 ParOldGen       total 56832K, used 7935K [0x00000000a0000000, 0x00000000a3780000, 0x00000000e0000000)
  object space 56832K, 13% used [0x00000000a0000000,0x00000000a07bfee0,0x00000000a3780000)
 Metaspace       used 25337K, capacity 26120K, committed 26368K, reserved 1073152K
  class space    used 3297K, capacity 3560K, committed 3584K, reserved 1048576K
}
Event: 13.884 GC heap before
{Heap before GC invocations=10 (full 1):
 PSYoungGen      total 133120K, used 127472K [0x00000000e0000000, 0x00000000e8b00000, 0x0000000100000000)
  eden space 123904K, 100% used [0x00000000e0000000,0x00000000e7900000,0x00000000e7900000)
  from space 9216K, 38% used [0x00000000e8200000,0x00000000e857c040,0x00000000e8b00000)
  to   space 9216K, 0% used [0x00000000e7900000,0x00000000e7900000,0x00000000e8200000)
 ParOldGen       total 56832K, used 7935K [0x00000000a0000000, 0x00000000a3780000, 0x00000000e0000000)
  object space 56832K, 13% used [0x00000000a0000000,0x00000000a07bfee0,0x00000000a3780000)
 Metaspace       used 28514K, capacity 29510K, committed 29696K, reserved 1075200K
  class space    used 3671K, capacity 4072K, committed 4096K, reserved 1048576K
Event: 13.908 GC heap after
Heap after GC invocations=10 (full 1):
 PSYoungGen      total 133120K, used 8840K [0x00000000e0000000, 0x00000000e8b00000, 0x0000000100000000)
  eden space 123904K, 0% used [0x00000000e0000000,0x00000000e0000000,0x00000000e7900000)
  from space 9216K, 95% used [0x00000000e7900000,0x00000000e81a20e0,0x00000000e8200000)
  to   space 9216K, 0% used [0x00000000e8200000,0x00000000e8200000,0x00000000e8b00000)
 ParOldGen       total 56832K, used 7943K [0x00000000a0000000, 0x00000000a3780000, 0x00000000e0000000)
  object space 56832K, 13% used [0x00000000a0000000,0x00000000a07c1ee0,0x00000000a3780000)
 Metaspace       used 28514K, capacity 29510K, committed 29696K, reserved 1075200K
  class space    used 3671K, capacity 4072K, committed 4096K, reserved 1048576K
}
Event: 14.466 GC heap before
{Heap before GC invocations=11 (full 1):
 PSYoungGen      total 133120K, used 33593K [0x00000000e0000000, 0x00000000e8b00000, 0x0000000100000000)
  eden space 123904K, 19% used [0x00000000e0000000,0x00000000e182c570,0x00000000e7900000)
  from space 9216K, 95% used [0x00000000e7900000,0x00000000e81a20e0,0x00000000e8200000)
  to   space 9216K, 0% used [0x00000000e8200000,0x00000000e8200000,0x00000000e8b00000)
 ParOldGen       total 56832K, used 7943K [0x00000000a0000000, 0x00000000a3780000, 0x00000000e0000000)
  object space 56832K, 13% used [0x00000000a0000000,0x00000000a07c1ee0,0x00000000a3780000)
 Metaspace       used 29401K, capacity 30546K, committed 30592K, reserved 1075200K
  class space    used 3810K, capacity 4220K, committed 4224K, reserved 1048576K
Event: 14.511 GC heap after
Heap after GC invocations=11 (full 1):
 PSYoungGen      total 133120K, used 6335K [0x00000000e0000000, 0x00000000e8b00000, 0x0000000100000000)
  eden space 123904K, 0% used [0x00000000e0000000,0x00000000e0000000,0x00000000e7900000)
  from space 9216K, 68% used [0x00000000e8200000,0x00000000e882fc18,0x00000000e8b00000)
  to   space 9216K, 0% used [0x00000000e7900000,0x00000000e7900000,0x00000000e8200000)
 ParOldGen       total 56832K, used 11312K [0x00000000a0000000, 0x00000000a3780000, 0x00000000e0000000)
  object space 56832K, 19% used [0x00000000a0000000,0x00000000a0b0c080,0x00000000a3780000)
 Metaspace       used 29401K, capacity 30546K, committed 30592K, reserved 1075200K
  class space    used 3810K, capacity 4220K, committed 4224K, reserved 1048576K
}
Event: 14.511 GC heap before
{Heap before GC invocations=12 (full 2):
 PSYoungGen      total 133120K, used 6335K [0x00000000e0000000, 0x00000000e8b00000, 0x0000000100000000)
  eden space 123904K, 0% used [0x00000000e0000000,0x00000000e0000000,0x00000000e7900000)
  from space 9216K, 68% used [0x00000000e8200000,0x00000000e882fc18,0x00000000e8b00000)
  to   space 9216K, 0% used [0x00000000e7900000,0x00000000e7900000,0x00000000e8200000)
 ParOldGen       total 56832K, used 11312K [0x00000000a0000000, 0x00000000a3780000, 0x00000000e0000000)
  object space 56832K, 19% used [0x00000000a0000000,0x00000000a0b0c080,0x00000000a3780000)
 Metaspace       used 29401K, capacity 30546K, committed 30592K, reserved 1075200K
  class space    used 3810K, capacity 4220K, committed 4224K, reserved 1048576K
Event: 14.651 GC heap after
Heap after GC invocations=12 (full 2):
 PSYoungGen      total 133120K, used 0K [0x00000000e0000000, 0x00000000e8b00000, 0x0000000100000000)
  eden space 123904K, 0% used [0x00000000e0000000,0x00000000e0000000,0x00000000e7900000)
  from space 9216K, 0% used [0x00000000e8200000,0x00000000e8200000,0x00000000e8b00000)
  to   space 9216K, 0% used [0x00000000e7900000,0x00000000e7900000,0x00000000e8200000)
 ParOldGen       total 56832K, used 16070K [0x00000000a0000000, 0x00000000a3780000, 0x00000000e0000000)
  object space 56832K, 28% used [0x00000000a0000000,0x00000000a0fb1a08,0x00000000a3780000)
 Metaspace       used 29356K, capacity 30382K, committed 30592K, reserved 1075200K
  class space    used 3799K, capacity 4152K, committed 4224K, reserved 1048576K
}

