# JRE version: OpenJDK Runtime Environment (8.0_242-b01) (build 1.8.0_242-release-1644-b01)
# Java VM: OpenJDK 64-Bit Server VM (25.242-b01 mixed mode windows-amd64 compressed oops)
Heap:
 PSYoungGen      total 139776K, used 114517K [0x00000000e0000000, 0x00000000eaa80000, 0x0000000100000000)
  eden space 130560K, 87% used [0x00000000e0000000,0x00000000e6fd5688,0x00000000e7f80000)
  from space 9216K, 0% used [0x00000000e7f80000,0x00000000e7f80000,0x00000000e8880000)
  to   space 9216K, 0% used [0x00000000ea180000,0x00000000ea180000,0x00000000eaa80000)
 ParOldGen       total 54784K, used 16365K [0x00000000a0000000, 0x00000000a3580000, 0x00000000e0000000)
  object space 54784K, 29% used [0x00000000a0000000,0x00000000a0ffb5d8,0x00000000a3580000)
 Metaspace       used 29978K, capacity 31516K, committed 31616K, reserved 1077248K
  class space    used 3861K, capacity 4390K, committed 4480K, reserved 1048576K
GC Heap History (10 events):
Event: 9.053 GC heap before
{Heap before GC invocations=11 (full 1):
 PSYoungGen      total 139776K, used 133776K [0x00000000e0000000, 0x00000000eaa80000, 0x0000000100000000)
  eden space 130560K, 100% used [0x00000000e0000000,0x00000000e7f80000,0x00000000e7f80000)
  from space 9216K, 34% used [0x00000000e7f80000,0x00000000e82a4020,0x00000000e8880000)
  to   space 9216K, 0% used [0x00000000ea180000,0x00000000ea180000,0x00000000eaa80000)
 ParOldGen       total 54784K, used 8000K [0x00000000a0000000, 0x00000000a3580000, 0x00000000e0000000)
  object space 54784K, 14% used [0x00000000a0000000,0x00000000a07d0078,0x00000000a3580000)
 Metaspace       used 25302K, capacity 26050K, committed 26112K, reserved 1071104K
  class space    used 3294K, capacity 3559K, committed 3584K, reserved 1048576K
Event: 9.060 GC heap after
Heap after GC invocations=11 (full 1):
 PSYoungGen      total 139776K, used 1344K [0x00000000e0000000, 0x00000000eaa80000, 0x0000000100000000)
  eden space 130560K, 0% used [0x00000000e0000000,0x00000000e0000000,0x00000000e7f80000)
  from space 9216K, 14% used [0x00000000ea180000,0x00000000ea2d0030,0x00000000eaa80000)
  to   space 9216K, 0% used [0x00000000e7f80000,0x00000000e7f80000,0x00000000e8880000)
 ParOldGen       total 54784K, used 10493K [0x00000000a0000000, 0x00000000a3580000, 0x00000000e0000000)
  object space 54784K, 19% used [0x00000000a0000000,0x00000000a0a3f5e8,0x00000000a3580000)
 Metaspace       used 25302K, capacity 26050K, committed 26112K, reserved 1071104K
  class space    used 3294K, capacity 3559K, committed 3584K, reserved 1048576K
}
Event: 11.314 GC heap before
{Heap before GC invocations=12 (full 1):
 PSYoungGen      total 139776K, used 131904K [0x00000000e0000000, 0x00000000eaa80000, 0x0000000100000000)
  eden space 130560K, 100% used [0x00000000e0000000,0x00000000e7f80000,0x00000000e7f80000)
  from space 9216K, 14% used [0x00000000ea180000,0x00000000ea2d0030,0x00000000eaa80000)
  to   space 9216K, 0% used [0x00000000e7f80000,0x00000000e7f80000,0x00000000e8880000)
 ParOldGen       total 54784K, used 10493K [0x00000000a0000000, 0x00000000a3580000, 0x00000000e0000000)
  object space 54784K, 19% used [0x00000000a0000000,0x00000000a0a3f5e8,0x00000000a3580000)
 Metaspace       used 29108K, capacity 30156K, committed 30336K, reserved 1075200K
  class space    used 3772K, capacity 4179K, committed 4224K, reserved 1048576K
Event: 11.332 GC heap after
Heap after GC invocations=12 (full 1):
 PSYoungGen      total 139776K, used 7326K [0x00000000e0000000, 0x00000000eaa80000, 0x0000000100000000)
  eden space 130560K, 0% used [0x00000000e0000000,0x00000000e0000000,0x00000000e7f80000)
  from space 9216K, 79% used [0x00000000e7f80000,0x00000000e86a79f0,0x00000000e8880000)
  to   space 9216K, 0% used [0x00000000ea180000,0x00000000ea180000,0x00000000eaa80000)
 ParOldGen       total 54784K, used 11789K [0x00000000a0000000, 0x00000000a3580000, 0x00000000e0000000)
  object space 54784K, 21% used [0x00000000a0000000,0x00000000a0b83658,0x00000000a3580000)
 Metaspace       used 29108K, capacity 30156K, committed 30336K, reserved 1075200K
  class space    used 3772K, capacity 4179K, committed 4224K, reserved 1048576K
}
Event: 12.114 GC heap before
{Heap before GC invocations=13 (full 1):
 PSYoungGen      total 139776K, used 137886K [0x00000000e0000000, 0x00000000eaa80000, 0x0000000100000000)
  eden space 130560K, 100% used [0x00000000e0000000,0x00000000e7f80000,0x00000000e7f80000)
  from space 9216K, 79% used [0x00000000e7f80000,0x00000000e86a79f0,0x00000000e8880000)
  to   space 9216K, 0% used [0x00000000ea180000,0x00000000ea180000,0x00000000eaa80000)
 ParOldGen       total 54784K, used 11789K [0x00000000a0000000, 0x00000000a3580000, 0x00000000e0000000)
  object space 54784K, 21% used [0x00000000a0000000,0x00000000a0b83658,0x00000000a3580000)
 Metaspace       used 29402K, capacity 30654K, committed 30976K, reserved 1075200K
  class space    used 3805K, capacity 4253K, committed 4352K, reserved 1048576K
Event: 12.184 GC heap after
Heap after GC invocations=13 (full 1):
 PSYoungGen      total 139776K, used 1944K [0x00000000e0000000, 0x00000000eaa80000, 0x0000000100000000)
  eden space 130560K, 0% used [0x00000000e0000000,0x00000000e0000000,0x00000000e7f80000)
  from space 9216K, 21% used [0x00000000ea180000,0x00000000ea3662e8,0x00000000eaa80000)
  to   space 9216K, 0% used [0x00000000e7f80000,0x00000000e7f80000,0x00000000e8880000)
 ParOldGen       total 54784K, used 16493K [0x00000000a0000000, 0x00000000a3580000, 0x00000000e0000000)
  object space 54784K, 30% used [0x00000000a0000000,0x00000000a101b6f8,0x00000000a3580000)
 Metaspace       used 29402K, capacity 30654K, committed 30976K, reserved 1075200K
  class space    used 3805K, capacity 4253K, committed 4352K, reserved 1048576K
}
Event: 12.209 GC heap before
{Heap before GC invocations=14 (full 1):
 PSYoungGen      total 139776K, used 5173K [0x00000000e0000000, 0x00000000eaa80000, 0x0000000100000000)
  eden space 130560K, 2% used [0x00000000e0000000,0x00000000e0327340,0x00000000e7f80000)
  from space 9216K, 21% used [0x00000000ea180000,0x00000000ea3662e8,0x00000000eaa80000)
  to   space 9216K, 0% used [0x00000000e7f80000,0x00000000e7f80000,0x00000000e8880000)
 ParOldGen       total 54784K, used 16493K [0x00000000a0000000, 0x00000000a3580000, 0x00000000e0000000)
  object space 54784K, 30% used [0x00000000a0000000,0x00000000a101b6f8,0x00000000a3580000)
 Metaspace       used 29482K, capacity 30718K, committed 30976K, reserved 1075200K
  class space    used 3816K, capacity 4253K, committed 4352K, reserved 1048576K
Event: 12.246 GC heap after
Heap after GC invocations=14 (full 1):
 PSYoungGen      total 139776K, used 32K [0x00000000e0000000, 0x00000000eaa80000, 0x0000000100000000)
  eden space 130560K, 0% used [0x00000000e0000000,0x00000000e0000000,0x00000000e7f80000)
  from space 9216K, 0% used [0x00000000e7f80000,0x00000000e7f88000,0x00000000e8880000)
  to   space 9216K, 0% used [0x00000000ea180000,0x00000000ea180000,0x00000000eaa80000)
 ParOldGen       total 54784K, used 18333K [0x00000000a0000000, 0x00000000a3580000, 0x00000000e0000000)
  object space 54784K, 33% used [0x00000000a0000000,0x00000000a11e7738,0x00000000a3580000)
 Metaspace       used 29482K, capacity 30718K, committed 30976K, reserved 1075200K
  class space    used 3816K, capacity 4253K, committed 4352K, reserved 1048576K
}
Event: 12.246 GC heap before
{Heap before GC invocations=15 (full 2):
 PSYoungGen      total 139776K, used 32K [0x00000000e0000000, 0x00000000eaa80000, 0x0000000100000000)
  eden space 130560K, 0% used [0x00000000e0000000,0x00000000e0000000,0x00000000e7f80000)
  from space 9216K, 0% used [0x00000000e7f80000,0x00000000e7f88000,0x00000000e8880000)
  to   space 9216K, 0% used [0x00000000ea180000,0x00000000ea180000,0x00000000eaa80000)
 ParOldGen       total 54784K, used 18333K [0x00000000a0000000, 0x00000000a3580000, 0x00000000e0000000)
  object space 54784K, 33% used [0x00000000a0000000,0x00000000a11e7738,0x00000000a3580000)
 Metaspace       used 29482K, capacity 30718K, committed 30976K, reserved 1075200K
  class space    used 3816K, capacity 4253K, committed 4352K, reserved 1048576K
Event: 12.435 GC heap after
Heap after GC invocations=15 (full 2):
 PSYoungGen      total 139776K, used 0K [0x00000000e0000000, 0x00000000eaa80000, 0x0000000100000000)
  eden space 130560K, 0% used [0x00000000e0000000,0x00000000e0000000,0x00000000e7f80000)
  from space 9216K, 0% used [0x00000000e7f80000,0x00000000e7f80000,0x00000000e8880000)
  to   space 9216K, 0% used [0x00000000ea180000,0x00000000ea180000,0x00000000eaa80000)
 ParOldGen       total 54784K, used 16365K [0x00000000a0000000, 0x00000000a3580000, 0x00000000e0000000)
  object space 54784K, 29% used [0x00000000a0000000,0x00000000a0ffb5d8,0x00000000a3580000)
 Metaspace       used 29406K, capacity 30440K, committed 30976K, reserved 1075200K
  class space    used 3798K, capacity 4151K, committed 4352K, reserved 1048576K
}

